Industrial Fuel Use for Energy Purposes before CCS and Methane Capture
Transportation Sector Fuel Used
Total Electricity Demand
Electricity Generation Capacity by Type Including Distributed Generation
Electricity Generation by Type Including Distributed Generation
Electricity Generation by Type
Electricity Generation Capacity
BAU Cargo Dist Transported
Output Total CO2e Emissions
LULUCF Anthropogenic Pollutant Emissions
New Vehicles
BDEQ BAU Electricity Output from Distributed Sources
BIFUbC BAU Industrial Fuel Use before CCS
Output Energy Related CO2 Emissions by Sector
Output Energy Related CO2 Emissions from Agriculture
Output Energy Related CO2 Emissions from Waste Management
Direct Buildings Pollutant Emissions
Transportation Pollutant Emissions Disaggregated
Industrial Sector Energy Related Emissions before CCS
Electricity Sector Pollutant Emissions
BCEU BAU Components Energy Use
Output Process Emissions in CO2e by Industry
Output Total CO2e Emissions by Sector
Total Energy Use by Sector
BAU Transportation Electricity Demand by Vehicle Type
BDEQ BAU Distributed Electricity Source Capacity
Vehicles
Industrial Fuel Use
Industrial Fuel Use for Energy Purposes
Industrial Fuel Use for Non Energy Purposes
Industrial Sector Pollutant Emissions
Industrial Sector CO2e Emissions
Pollutant Emissions from Imported Electricity
Output Total CO2e Emissions by Pollutant
Gross Domestic Product
Output electricity generation by type